<?xml version="1.0" encoding="UTF-8"?>
<!-- Generated by org.testng.reporters.JUnitXMLReporter -->
<testsuite hostname="admin-PC" ignored="0" name="Default test" tests="4" failures="0" timestamp="16 Oct 2019 14:07:33 GMT" time="1.248" errors="0">
  <testcase name="login" time="0.022" classname="com.mycompany.test.maven_demo.DataProviderDemo"/>
  <testcase name="login" time="0.005" classname="com.mycompany.test.maven_demo.DataProviderDemo"/>
  <testcase name="login" time="0.001" classname="com.mycompany.test.maven_demo.DataProviderDemo"/>
  <testcase name="login" time="0.002" classname="com.mycompany.test.maven_demo.DataProviderDemo"/>
</testsuite> <!-- Default test -->
